var arr = [1, [2, [3, 4], 5], 6];
undefined
arr.flat(Infinity);
(6) [1, 2, 3, 4, 5, 6]
function doFlat(arr){
    return arr.reduce((acc,e)=>{
        if(Array.isArray(e)){
            return acc.concat(doFlat(e));
        }
        else{
            return acc.concat(e);
        }
    },[]);
}
undefined
doFlat(arr);
(6) [1, 2, 3, 4, 5, 6]
arr;
(3) [1, Array(3), 6]
arr;
(3) [1, Array(3), 6]
var x = 10;
undefined
Array.isArray(x);
false
Array.isArray(arr);
true
var t = [];
undefined
t.concat(10);
[10]
t.push(100);
1
t;
[100]
var x = [10,20,30];
undefined
var y = [];
undefined
y.push(100);
1
y.push(x);
2
y;
(2) [100, Array(3)]
y.concat(100);
(3) [100, Array(3), 100]
var t ;
undefined
t.concat([100,200,300]);
(4) [100, 100, 200, 300]
t.concat([100,200,300,[90,100]]);
(5) [100, 100, 200, 300, Array(2)]
t;
[100]
"apple".startsWith("a");
true
var fruits = ["apple", "banana", "apricot", "blueberry", "cherry"];
undefined
fruits.reduce((acc,fruit)=>{
    if(acc[fruit.charAt(0)]){
        acc[fruit.charAt(0)]++;
    }
    else{
        // first time 
        acc[fruit.charAt(0)] = 1;
    }
}, {})








VM1372:2 Uncaught TypeError: Cannot read properties of undefined (reading 'b')
    at <anonymous>:2:11
    at Array.reduce (<anonymous>)
    at <anonymous>:1:8
(anonymous) @ VM1372:2
(anonymous) @ VM1372:1
fruits.reduce((acc,fruit)=>{
    if(acc[fruit.charAt(0)]){
        acc[fruit.charAt(0)]++;
    }
    else{
        // first time 
        acc[fruit.charAt(0)] = 1;
    }
    return acc;
}, {})








{a: 2, b: 2, c: 1}
"amit"[0];
'a'
"amit"[1];
'm'
var users = [{name:'Ram', age:18}, {name:'Tom', age:16},{name:'Tim', age:23}];
undefined
users.sort((a,b)=>a.age - b.age);
(3) [{…}, {…}, {…}]0: {name: 'Tom', age: 16}1: {name: 'Ram', age: 18}2: {name: 'Tim', age: 23}length: 3[[Prototype]]: Array(0)
users.sort((a,b)=>a.age - b.age).sort((a,b)=>a.name.localeCompareTo(b.name));
VM1631:1 Uncaught TypeError: a.name.localeCompareTo is not a function
    at <anonymous>:1:53
    at Array.sort (<anonymous>)
    at <anonymous>:1:34
(anonymous) @ VM1631:1
(anonymous) @ VM1631:1
users.sort((a,b)=>a.age - b.age).sort((a,b)=>a.name.localeCompare(b.name));
(3) [{…}, {…}, {…}]0: {name: 'Ram', age: 18}1: {name: 'Tim', age: 23}2: {name: 'Tom', age: 16}length: 3[[Prototype]]: Array(0)
users;
(3) [{…}, {…}, {…}]0: {name: 'Ram', age: 18}1: {name: 'Tim', age: 23}2: {name: 'Tom', age: 16}length: 3[[Prototype]]: Array(0)
users.sort((a,b)=>a.age - b.age).sort((a,b)=>a.name.localeCompare(b.name));
(3) [{…}, {…}, {…}]
arr;
(3) [1, Array(3), 6]
arr = [1,2,3,4,5];















       
(5) [1, 2, 3, 4, 5]
arr.forEach(e=>console.log(e%2==0?e:''));
VM1970:1 
VM1970:1 2
VM1970:1 
VM1970:1 4
VM1970:1 
undefined
arr;
(5) [1, 2, 3, 4, 5]
